{"/home/max/project/backend-project-lvl3/src/index.js": {"path":"/home/max/project/backend-project-lvl3/src/index.js","statementMap":{"0":{"start":{"line":9,"column":13},"end":{"line":15,"column":1}},"1":{"start":{"line":17,"column":21},"end":{"line":17,"column":104}},"2":{"start":{"line":17,"column":36},"end":{"line":17,"column":104}},"3":{"start":{"line":19,"column":16},"end":{"line":22,"column":1}},"4":{"start":{"line":24,"column":24},"end":{"line":27,"column":1}},"5":{"start":{"line":25,"column":29},"end":{"line":25,"column":95}},"6":{"start":{"line":26,"column":2},"end":{"line":26,"column":91}},"7":{"start":{"line":29,"column":30},"end":{"line":29,"column":71}},"8":{"start":{"line":29,"column":40},"end":{"line":29,"column":71}},"9":{"start":{"line":31,"column":20},"end":{"line":31,"column":63}},"10":{"start":{"line":31,"column":30},"end":{"line":31,"column":63}},"11":{"start":{"line":33,"column":25},"end":{"line":33,"column":40}},"12":{"start":{"line":35,"column":22},"end":{"line":48,"column":1}},"13":{"start":{"line":36,"column":21},"end":{"line":36,"column":23}},"14":{"start":{"line":37,"column":14},"end":{"line":37,"column":32}},"15":{"start":{"line":38,"column":28},"end":{"line":38,"column":69}},"16":{"start":{"line":39,"column":2},"end":{"line":46,"column":5}},"17":{"start":{"line":40,"column":4},"end":{"line":45,"column":6}},"18":{"start":{"line":41,"column":6},"end":{"line":44,"column":7}},"19":{"start":{"line":42,"column":8},"end":{"line":42,"column":30}},"20":{"start":{"line":43,"column":8},"end":{"line":43,"column":48}},"21":{"start":{"line":47,"column":2},"end":{"line":47,"column":20}},"22":{"start":{"line":50,"column":25},"end":{"line":62,"column":1}},"23":{"start":{"line":51,"column":14},"end":{"line":51,"column":32}},"24":{"start":{"line":52,"column":28},"end":{"line":52,"column":69}},"25":{"start":{"line":53,"column":2},"end":{"line":60,"column":6}},"26":{"start":{"line":53,"column":37},"end":{"line":60,"column":4}},"27":{"start":{"line":54,"column":4},"end":{"line":58,"column":5}},"28":{"start":{"line":55,"column":23},"end":{"line":55,"column":79}},"29":{"start":{"line":56,"column":6},"end":{"line":56,"column":67}},"30":{"start":{"line":57,"column":6},"end":{"line":57,"column":22}},"31":{"start":{"line":59,"column":4},"end":{"line":59,"column":16}},"32":{"start":{"line":61,"column":2},"end":{"line":61,"column":20}},"33":{"start":{"line":65,"column":2},"end":{"line":65,"column":93}},"34":{"start":{"line":67,"column":23},"end":{"line":67,"column":83}},"35":{"start":{"line":68,"column":24},"end":{"line":68,"column":85}},"36":{"start":{"line":69,"column":2},"end":{"line":92,"column":69}},"37":{"start":{"line":71,"column":6},"end":{"line":71,"column":23}},"38":{"start":{"line":73,"column":16},"end":{"line":73,"column":60}},"39":{"start":{"line":74,"column":16},"end":{"line":89,"column":6}},"40":{"start":{"line":75,"column":24},"end":{"line":75,"column":66}},"41":{"start":{"line":76,"column":28},"end":{"line":76,"column":90}},"42":{"start":{"line":77,"column":22},"end":{"line":81,"column":8}},"43":{"start":{"line":77,"column":28},"end":{"line":81,"column":8}},"44":{"start":{"line":82,"column":20},"end":{"line":82,"column":42}},"45":{"start":{"line":83,"column":19},"end":{"line":85,"column":8}},"46":{"start":{"line":83,"column":25},"end":{"line":85,"column":8}},"47":{"start":{"line":84,"column":8},"end":{"line":84,"column":42}},"48":{"start":{"line":86,"column":6},"end":{"line":86,"column":69}},"49":{"start":{"line":87,"column":20},"end":{"line":87,"column":48}},"50":{"start":{"line":88,"column":6},"end":{"line":88,"column":18}},"51":{"start":{"line":90,"column":16},"end":{"line":90,"column":79}},"52":{"start":{"line":91,"column":23},"end":{"line":92,"column":67}},"53":{"start":{"line":92,"column":18},"end":{"line":92,"column":66}}},"fnMap":{"0":{"name":"(anonymous_0)","decl":{"start":{"line":17,"column":21},"end":{"line":17,"column":22}},"loc":{"start":{"line":17,"column":36},"end":{"line":17,"column":104}},"line":17},"1":{"name":"(anonymous_1)","decl":{"start":{"line":24,"column":24},"end":{"line":24,"column":25}},"loc":{"start":{"line":24,"column":45},"end":{"line":27,"column":1}},"line":24},"2":{"name":"(anonymous_2)","decl":{"start":{"line":29,"column":30},"end":{"line":29,"column":31}},"loc":{"start":{"line":29,"column":40},"end":{"line":29,"column":71}},"line":29},"3":{"name":"(anonymous_3)","decl":{"start":{"line":31,"column":20},"end":{"line":31,"column":21}},"loc":{"start":{"line":31,"column":30},"end":{"line":31,"column":63}},"line":31},"4":{"name":"(anonymous_4)","decl":{"start":{"line":35,"column":22},"end":{"line":35,"column":23}},"loc":{"start":{"line":35,"column":32},"end":{"line":48,"column":1}},"line":35},"5":{"name":"(anonymous_5)","decl":{"start":{"line":39,"column":27},"end":{"line":39,"column":28}},"loc":{"start":{"line":40,"column":4},"end":{"line":45,"column":6}},"line":40},"6":{"name":"(anonymous_6)","decl":{"start":{"line":40,"column":33},"end":{"line":40,"column":34}},"loc":{"start":{"line":40,"column":46},"end":{"line":45,"column":5}},"line":40},"7":{"name":"(anonymous_7)","decl":{"start":{"line":50,"column":25},"end":{"line":50,"column":26}},"loc":{"start":{"line":50,"column":44},"end":{"line":62,"column":1}},"line":50},"8":{"name":"(anonymous_8)","decl":{"start":{"line":53,"column":27},"end":{"line":53,"column":28}},"loc":{"start":{"line":53,"column":37},"end":{"line":60,"column":4}},"line":53},"9":{"name":"(anonymous_9)","decl":{"start":{"line":53,"column":66},"end":{"line":53,"column":67}},"loc":{"start":{"line":53,"column":79},"end":{"line":60,"column":3}},"line":53},"10":{"name":"(anonymous_10)","decl":{"start":{"line":64,"column":15},"end":{"line":64,"column":16}},"loc":{"start":{"line":64,"column":41},"end":{"line":93,"column":1}},"line":64},"11":{"name":"(anonymous_11)","decl":{"start":{"line":70,"column":10},"end":{"line":70,"column":11}},"loc":{"start":{"line":70,"column":20},"end":{"line":72,"column":5}},"line":70},"12":{"name":"(anonymous_12)","decl":{"start":{"line":73,"column":10},"end":{"line":73,"column":11}},"loc":{"start":{"line":73,"column":16},"end":{"line":73,"column":60}},"line":73},"13":{"name":"(anonymous_13)","decl":{"start":{"line":74,"column":10},"end":{"line":74,"column":11}},"loc":{"start":{"line":74,"column":16},"end":{"line":89,"column":6}},"line":74},"14":{"name":"(anonymous_14)","decl":{"start":{"line":74,"column":44},"end":{"line":74,"column":45}},"loc":{"start":{"line":74,"column":54},"end":{"line":89,"column":5}},"line":74},"15":{"name":"(anonymous_15)","decl":{"start":{"line":77,"column":22},"end":{"line":77,"column":23}},"loc":{"start":{"line":77,"column":28},"end":{"line":81,"column":8}},"line":77},"16":{"name":"(anonymous_16)","decl":{"start":{"line":83,"column":19},"end":{"line":83,"column":20}},"loc":{"start":{"line":83,"column":25},"end":{"line":85,"column":8}},"line":83},"17":{"name":"(anonymous_17)","decl":{"start":{"line":83,"column":40},"end":{"line":83,"column":41}},"loc":{"start":{"line":83,"column":50},"end":{"line":85,"column":7}},"line":83},"18":{"name":"(anonymous_18)","decl":{"start":{"line":90,"column":10},"end":{"line":90,"column":11}},"loc":{"start":{"line":90,"column":16},"end":{"line":90,"column":79}},"line":90},"19":{"name":"(anonymous_19)","decl":{"start":{"line":91,"column":10},"end":{"line":91,"column":11}},"loc":{"start":{"line":91,"column":23},"end":{"line":92,"column":67}},"line":91},"20":{"name":"(anonymous_20)","decl":{"start":{"line":92,"column":12},"end":{"line":92,"column":13}},"loc":{"start":{"line":92,"column":18},"end":{"line":92,"column":66}},"line":92}},"branchMap":{"0":{"loc":{"start":{"line":31,"column":30},"end":{"line":31,"column":63}},"type":"binary-expr","locations":[{"start":{"line":31,"column":30},"end":{"line":31,"column":34}},{"start":{"line":31,"column":38},"end":{"line":31,"column":63}}],"line":31},"1":{"loc":{"start":{"line":41,"column":6},"end":{"line":44,"column":7}},"type":"if","locations":[{"start":{"line":41,"column":6},"end":{"line":44,"column":7}},{"start":{"line":41,"column":6},"end":{"line":44,"column":7}}],"line":41},"2":{"loc":{"start":{"line":54,"column":4},"end":{"line":58,"column":5}},"type":"if","locations":[{"start":{"line":54,"column":4},"end":{"line":58,"column":5}},{"start":{"line":54,"column":4},"end":{"line":58,"column":5}}],"line":54}},"s":{"0":1,"1":1,"2":2,"3":1,"4":1,"5":7,"6":7,"7":1,"8":4,"9":1,"10":8,"11":1,"12":1,"13":1,"14":1,"15":1,"16":1,"17":2,"18":4,"19":2,"20":2,"21":1,"22":1,"23":1,"24":1,"25":1,"26":2,"27":4,"28":2,"29":2,"30":2,"31":2,"32":1,"33":3,"34":3,"35":3,"36":3,"37":2,"38":2,"39":1,"40":2,"41":2,"42":2,"43":2,"44":2,"45":2,"46":2,"47":2,"48":2,"49":2,"50":2,"51":1,"52":1,"53":1},"f":{"0":2,"1":7,"2":4,"3":8,"4":1,"5":2,"6":4,"7":1,"8":2,"9":4,"10":3,"11":2,"12":2,"13":1,"14":2,"15":2,"16":2,"17":2,"18":1,"19":1,"20":1},"b":{"0":[8,4],"1":[2,2],"2":[2,2]},"_coverageSchema":"43e27e138ebf9cfc5966b082cf9a028302ed4184","hash":"9f39ec86eeb1dfedd21320208037969289baabd1"}
}
