TN:
SF:/home/max/project/backend-project-lvl3/src/index.js
FN:17,(anonymous_0)
FN:24,(anonymous_1)
FN:29,(anonymous_2)
FN:31,(anonymous_3)
FN:35,(anonymous_4)
FN:39,(anonymous_5)
FN:40,(anonymous_6)
FN:50,(anonymous_7)
FN:53,(anonymous_8)
FN:53,(anonymous_9)
FN:64,(anonymous_10)
FN:70,(anonymous_11)
FN:73,(anonymous_12)
FN:74,(anonymous_13)
FN:74,(anonymous_14)
FN:77,(anonymous_15)
FN:83,(anonymous_16)
FN:83,(anonymous_17)
FN:90,(anonymous_18)
FN:91,(anonymous_19)
FN:92,(anonymous_20)
FNF:21
FNH:21
FNDA:2,(anonymous_0)
FNDA:7,(anonymous_1)
FNDA:4,(anonymous_2)
FNDA:8,(anonymous_3)
FNDA:1,(anonymous_4)
FNDA:2,(anonymous_5)
FNDA:4,(anonymous_6)
FNDA:1,(anonymous_7)
FNDA:2,(anonymous_8)
FNDA:4,(anonymous_9)
FNDA:3,(anonymous_10)
FNDA:2,(anonymous_11)
FNDA:2,(anonymous_12)
FNDA:1,(anonymous_13)
FNDA:2,(anonymous_14)
FNDA:2,(anonymous_15)
FNDA:2,(anonymous_16)
FNDA:2,(anonymous_17)
FNDA:1,(anonymous_18)
FNDA:1,(anonymous_19)
FNDA:1,(anonymous_20)
DA:9,1
DA:17,2
DA:19,1
DA:24,1
DA:25,7
DA:26,7
DA:29,4
DA:31,8
DA:33,1
DA:35,1
DA:36,1
DA:37,1
DA:38,1
DA:39,1
DA:40,2
DA:41,4
DA:42,2
DA:43,2
DA:47,1
DA:50,1
DA:51,1
DA:52,1
DA:53,2
DA:54,4
DA:55,2
DA:56,2
DA:57,2
DA:59,2
DA:61,1
DA:65,3
DA:67,3
DA:68,3
DA:69,3
DA:71,2
DA:73,2
DA:74,1
DA:75,2
DA:76,2
DA:77,2
DA:82,2
DA:83,2
DA:84,2
DA:86,2
DA:87,2
DA:88,2
DA:90,1
DA:91,1
DA:92,1
LF:48
LH:48
BRDA:31,0,0,8
BRDA:31,0,1,4
BRDA:41,1,0,2
BRDA:41,1,1,2
BRDA:54,2,0,2
BRDA:54,2,1,2
BRF:6
BRH:6
end_of_record
